<?xml version="1.0" encoding="UTF-8"?>
<!-- Generated by org.testng.reporters.JUnitReportReporter -->
<testsuite skipped="0" hostname="ermao-ThinkPad-T510" name="softwearTestMaterialMaven.openWebsite" tests="1" failures="0" timestamp="16 Nov 2018 02:58:08 GMT" time="59.801" errors="0">
  <testcase name="openMyBlog" time="59.801" classname="softwearTestMaterialMaven.openWebsite"/>
</testsuite> <!-- softwearTestMaterialMaven.openWebsite -->
